{"C:\\xampp\\htdocs\\systemdihs\\src\\__tests__\\authService.test.js": {"path":"C:\\xampp\\htdocs\\systemdihs\\src\\__tests__\\authService.test.js","statementMap":{"0":{"start":{"line":2,"column":15},"end":{"line":4,"column":1}},"1":{"start":{"line":7,"column":0},"end":{"line":9,"column":4}},"2":{"start":{"line":7,"column":27},"end":{"line":9,"column":1}},"3":{"start":{"line":12,"column":20},"end":{"line":12,"column":62}},"4":{"start":{"line":13,"column":15},"end":{"line":13,"column":32}},"5":{"start":{"line":15,"column":0},"end":{"line":98,"column":3}},"6":{"start":{"line":17,"column":2},"end":{"line":19,"column":5}},"7":{"start":{"line":18,"column":4},"end":{"line":18,"column":25}},"8":{"start":{"line":21,"column":2},"end":{"line":87,"column":5}},"9":{"start":{"line":22,"column":4},"end":{"line":49,"column":7}},"10":{"start":{"line":24,"column":23},"end":{"line":29,"column":7}},"11":{"start":{"line":32,"column":6},"end":{"line":32,"column":59}},"12":{"start":{"line":33,"column":6},"end":{"line":33,"column":45}},"13":{"start":{"line":36,"column":21},"end":{"line":36,"column":78}},"14":{"start":{"line":39,"column":6},"end":{"line":39,"column":72}},"15":{"start":{"line":40,"column":6},"end":{"line":40,"column":83}},"16":{"start":{"line":41,"column":6},"end":{"line":48,"column":9}},"17":{"start":{"line":51,"column":4},"end":{"line":63,"column":7}},"18":{"start":{"line":53,"column":6},"end":{"line":53,"column":55}},"19":{"start":{"line":56,"column":21},"end":{"line":56,"column":78}},"20":{"start":{"line":59,"column":6},"end":{"line":62,"column":9}},"21":{"start":{"line":65,"column":4},"end":{"line":86,"column":7}},"22":{"start":{"line":67,"column":23},"end":{"line":72,"column":7}},"23":{"start":{"line":75,"column":6},"end":{"line":75,"column":59}},"24":{"start":{"line":76,"column":6},"end":{"line":76,"column":46}},"25":{"start":{"line":79,"column":21},"end":{"line":79,"column":80}},"26":{"start":{"line":82,"column":6},"end":{"line":85,"column":9}},"27":{"start":{"line":89,"column":2},"end":{"line":97,"column":5}},"28":{"start":{"line":90,"column":4},"end":{"line":96,"column":7}},"29":{"start":{"line":91,"column":19},"end":{"line":91,"column":50}},"30":{"start":{"line":92,"column":20},"end":{"line":92,"column":51}},"31":{"start":{"line":95,"column":6},"end":{"line":95,"column":45}}},"fnMap":{"0":{"name":"(anonymous_0)","decl":{"start":{"line":7,"column":20},"end":{"line":7,"column":21}},"loc":{"start":{"line":7,"column":27},"end":{"line":9,"column":1}},"line":7},"1":{"name":"(anonymous_1)","decl":{"start":{"line":15,"column":35},"end":{"line":15,"column":36}},"loc":{"start":{"line":15,"column":41},"end":{"line":98,"column":1}},"line":15},"2":{"name":"(anonymous_2)","decl":{"start":{"line":17,"column":13},"end":{"line":17,"column":14}},"loc":{"start":{"line":17,"column":19},"end":{"line":19,"column":3}},"line":17},"3":{"name":"(anonymous_3)","decl":{"start":{"line":21,"column":27},"end":{"line":21,"column":28}},"loc":{"start":{"line":21,"column":33},"end":{"line":87,"column":3}},"line":21},"4":{"name":"(anonymous_4)","decl":{"start":{"line":22,"column":58},"end":{"line":22,"column":59}},"loc":{"start":{"line":22,"column":70},"end":{"line":49,"column":5}},"line":22},"5":{"name":"(anonymous_5)","decl":{"start":{"line":51,"column":41},"end":{"line":51,"column":42}},"loc":{"start":{"line":51,"column":53},"end":{"line":63,"column":5}},"line":51},"6":{"name":"(anonymous_6)","decl":{"start":{"line":65,"column":41},"end":{"line":65,"column":42}},"loc":{"start":{"line":65,"column":53},"end":{"line":86,"column":5}},"line":65},"7":{"name":"(anonymous_7)","decl":{"start":{"line":89,"column":28},"end":{"line":89,"column":29}},"loc":{"start":{"line":89,"column":34},"end":{"line":97,"column":3}},"line":89},"8":{"name":"(anonymous_8)","decl":{"start":{"line":90,"column":45},"end":{"line":90,"column":46}},"loc":{"start":{"line":90,"column":51},"end":{"line":96,"column":5}},"line":90}},"branchMap":{},"s":{"0":0,"1":0,"2":0,"3":0,"4":0,"5":0,"6":0,"7":0,"8":0,"9":0,"10":0,"11":0,"12":0,"13":0,"14":0,"15":0,"16":0,"17":0,"18":0,"19":0,"20":0,"21":0,"22":0,"23":0,"24":0,"25":0,"26":0,"27":0,"28":0,"29":0,"30":0,"31":0},"f":{"0":0,"1":0,"2":0,"3":0,"4":0,"5":0,"6":0,"7":0,"8":0},"b":{}}
,"C:\\xampp\\htdocs\\systemdihs\\src\\__tests__\\formService.test.js": {"path":"C:\\xampp\\htdocs\\systemdihs\\src\\__tests__\\formService.test.js","statementMap":{"0":{"start":{"line":2,"column":0},"end":{"line":2,"column":21}},"1":{"start":{"line":3,"column":0},"end":{"line":3,"column":16}},"2":{"start":{"line":4,"column":0},"end":{"line":4,"column":18}},"3":{"start":{"line":6,"column":16},"end":{"line":6,"column":34}},"4":{"start":{"line":7,"column":11},"end":{"line":7,"column":24}},"5":{"start":{"line":8,"column":13},"end":{"line":8,"column":28}},"6":{"start":{"line":11,"column":15},"end":{"line":13,"column":1}},"7":{"start":{"line":16,"column":20},"end":{"line":16,"column":62}},"8":{"start":{"line":18,"column":0},"end":{"line":119,"column":3}},"9":{"start":{"line":20,"column":2},"end":{"line":39,"column":5}},"10":{"start":{"line":21,"column":4},"end":{"line":21,"column":25}},"11":{"start":{"line":24,"column":4},"end":{"line":24,"column":62}},"12":{"start":{"line":24,"column":46},"end":{"line":24,"column":60}},"13":{"start":{"line":25,"column":4},"end":{"line":25,"column":40}},"14":{"start":{"line":26,"column":4},"end":{"line":26,"column":46}},"15":{"start":{"line":29,"column":25},"end":{"line":37,"column":5}},"16":{"start":{"line":38,"column":4},"end":{"line":38,"column":60}},"17":{"start":{"line":38,"column":46},"end":{"line":38,"column":58}},"18":{"start":{"line":41,"column":2},"end":{"line":82,"column":5}},"19":{"start":{"line":42,"column":4},"end":{"line":65,"column":7}},"20":{"start":{"line":44,"column":23},"end":{"line":44,"column":28}},"21":{"start":{"line":45,"column":23},"end":{"line":50,"column":7}},"22":{"start":{"line":53,"column":21},"end":{"line":53,"column":71}},"23":{"start":{"line":56,"column":6},"end":{"line":56,"column":40}},"24":{"start":{"line":57,"column":6},"end":{"line":57,"column":48}},"25":{"start":{"line":58,"column":6},"end":{"line":58,"column":61}},"26":{"start":{"line":59,"column":6},"end":{"line":59,"column":49}},"27":{"start":{"line":62,"column":6},"end":{"line":62,"column":50}},"28":{"start":{"line":63,"column":6},"end":{"line":63,"column":66}},"29":{"start":{"line":64,"column":6},"end":{"line":64,"column":67}},"30":{"start":{"line":67,"column":4},"end":{"line":81,"column":7}},"31":{"start":{"line":69,"column":23},"end":{"line":69,"column":28}},"32":{"start":{"line":70,"column":23},"end":{"line":73,"column":7}},"33":{"start":{"line":76,"column":21},"end":{"line":76,"column":71}},"34":{"start":{"line":79,"column":6},"end":{"line":79,"column":41}},"35":{"start":{"line":80,"column":6},"end":{"line":80,"column":64}},"36":{"start":{"line":84,"column":2},"end":{"line":104,"column":5}},"37":{"start":{"line":85,"column":4},"end":{"line":95,"column":7}},"38":{"start":{"line":87,"column":21},"end":{"line":87,"column":55}},"39":{"start":{"line":90,"column":6},"end":{"line":94,"column":9}},"40":{"start":{"line":97,"column":4},"end":{"line":103,"column":7}},"41":{"start":{"line":99,"column":21},"end":{"line":99,"column":59}},"42":{"start":{"line":102,"column":6},"end":{"line":102,"column":32}},"43":{"start":{"line":106,"column":2},"end":{"line":118,"column":5}},"44":{"start":{"line":107,"column":4},"end":{"line":117,"column":7}},"45":{"start":{"line":109,"column":21},"end":{"line":109,"column":50}},"46":{"start":{"line":112,"column":6},"end":{"line":112,"column":47}},"47":{"start":{"line":113,"column":6},"end":{"line":113,"column":47}},"48":{"start":{"line":114,"column":6},"end":{"line":114,"column":47}},"49":{"start":{"line":115,"column":6},"end":{"line":115,"column":57}},"50":{"start":{"line":116,"column":6},"end":{"line":116,"column":54}}},"fnMap":{"0":{"name":"(anonymous_0)","decl":{"start":{"line":18,"column":25},"end":{"line":18,"column":26}},"loc":{"start":{"line":18,"column":31},"end":{"line":119,"column":1}},"line":18},"1":{"name":"(anonymous_1)","decl":{"start":{"line":20,"column":13},"end":{"line":20,"column":14}},"loc":{"start":{"line":20,"column":19},"end":{"line":39,"column":3}},"line":20},"2":{"name":"(anonymous_2)","decl":{"start":{"line":24,"column":33},"end":{"line":24,"column":34}},"loc":{"start":{"line":24,"column":46},"end":{"line":24,"column":60}},"line":24},"3":{"name":"(anonymous_3)","decl":{"start":{"line":26,"column":36},"end":{"line":26,"column":37}},"loc":{"start":{"line":26,"column":42},"end":{"line":26,"column":44}},"line":26},"4":{"name":"(anonymous_4)","decl":{"start":{"line":38,"column":40},"end":{"line":38,"column":41}},"loc":{"start":{"line":38,"column":46},"end":{"line":38,"column":58}},"line":38},"5":{"name":"(anonymous_5)","decl":{"start":{"line":41,"column":27},"end":{"line":41,"column":28}},"loc":{"start":{"line":41,"column":33},"end":{"line":82,"column":3}},"line":41},"6":{"name":"(anonymous_6)","decl":{"start":{"line":42,"column":49},"end":{"line":42,"column":50}},"loc":{"start":{"line":42,"column":61},"end":{"line":65,"column":5}},"line":42},"7":{"name":"(anonymous_7)","decl":{"start":{"line":67,"column":58},"end":{"line":67,"column":59}},"loc":{"start":{"line":67,"column":70},"end":{"line":81,"column":5}},"line":67},"8":{"name":"(anonymous_8)","decl":{"start":{"line":84,"column":30},"end":{"line":84,"column":31}},"loc":{"start":{"line":84,"column":36},"end":{"line":104,"column":3}},"line":84},"9":{"name":"(anonymous_9)","decl":{"start":{"line":85,"column":47},"end":{"line":85,"column":48}},"loc":{"start":{"line":85,"column":53},"end":{"line":95,"column":5}},"line":85},"10":{"name":"(anonymous_10)","decl":{"start":{"line":97,"column":51},"end":{"line":97,"column":52}},"loc":{"start":{"line":97,"column":57},"end":{"line":103,"column":5}},"line":97},"11":{"name":"(anonymous_11)","decl":{"start":{"line":106,"column":30},"end":{"line":106,"column":31}},"loc":{"start":{"line":106,"column":36},"end":{"line":118,"column":3}},"line":106},"12":{"name":"(anonymous_12)","decl":{"start":{"line":107,"column":48},"end":{"line":107,"column":49}},"loc":{"start":{"line":107,"column":54},"end":{"line":117,"column":5}},"line":107}},"branchMap":{},"s":{"0":0,"1":0,"2":0,"3":0,"4":0,"5":0,"6":0,"7":0,"8":0,"9":0,"10":0,"11":0,"12":0,"13":0,"14":0,"15":0,"16":0,"17":0,"18":0,"19":0,"20":0,"21":0,"22":0,"23":0,"24":0,"25":0,"26":0,"27":0,"28":0,"29":0,"30":0,"31":0,"32":0,"33":0,"34":0,"35":0,"36":0,"37":0,"38":0,"39":0,"40":0,"41":0,"42":0,"43":0,"44":0,"45":0,"46":0,"47":0,"48":0,"49":0,"50":0},"f":{"0":0,"1":0,"2":0,"3":0,"4":0,"5":0,"6":0,"7":0,"8":0,"9":0,"10":0,"11":0,"12":0},"b":{}}
,"C:\\xampp\\htdocs\\systemdihs\\src\\__tests__\\recordService.test.js": {"path":"C:\\xampp\\htdocs\\systemdihs\\src\\__tests__\\recordService.test.js","statementMap":{"0":{"start":{"line":2,"column":15},"end":{"line":6,"column":1}},"1":{"start":{"line":9,"column":0},"end":{"line":11,"column":4}},"2":{"start":{"line":9,"column":47},"end":{"line":11,"column":1}},"3":{"start":{"line":14,"column":22},"end":{"line":14,"column":66}},"4":{"start":{"line":15,"column":24},"end":{"line":15,"column":61}},"5":{"start":{"line":17,"column":0},"end":{"line":116,"column":3}},"6":{"start":{"line":19,"column":2},"end":{"line":21,"column":5}},"7":{"start":{"line":20,"column":4},"end":{"line":20,"column":25}},"8":{"start":{"line":23,"column":2},"end":{"line":53,"column":5}},"9":{"start":{"line":24,"column":4},"end":{"line":44,"column":7}},"10":{"start":{"line":26,"column":26},"end":{"line":31,"column":7}},"11":{"start":{"line":34,"column":6},"end":{"line":34,"column":40}},"12":{"start":{"line":35,"column":6},"end":{"line":35,"column":60}},"13":{"start":{"line":38,"column":21},"end":{"line":38,"column":73}},"14":{"start":{"line":41,"column":6},"end":{"line":41,"column":63}},"15":{"start":{"line":42,"column":6},"end":{"line":42,"column":74}},"16":{"start":{"line":43,"column":6},"end":{"line":43,"column":42}},"17":{"start":{"line":46,"column":4},"end":{"line":52,"column":7}},"18":{"start":{"line":48,"column":6},"end":{"line":48,"column":41}},"19":{"start":{"line":51,"column":6},"end":{"line":51,"column":100}},"20":{"start":{"line":55,"column":2},"end":{"line":79,"column":5}},"21":{"start":{"line":56,"column":4},"end":{"line":73,"column":7}},"22":{"start":{"line":58,"column":27},"end":{"line":61,"column":7}},"23":{"start":{"line":64,"column":6},"end":{"line":64,"column":60}},"24":{"start":{"line":67,"column":20},"end":{"line":67,"column":25}},"25":{"start":{"line":68,"column":21},"end":{"line":68,"column":62}},"26":{"start":{"line":71,"column":6},"end":{"line":71,"column":64}},"27":{"start":{"line":72,"column":6},"end":{"line":72,"column":43}},"28":{"start":{"line":75,"column":4},"end":{"line":78,"column":7}},"29":{"start":{"line":77,"column":6},"end":{"line":77,"column":97}},"30":{"start":{"line":81,"column":2},"end":{"line":115,"column":5}},"31":{"start":{"line":82,"column":4},"end":{"line":104,"column":7}},"32":{"start":{"line":84,"column":18},"end":{"line":84,"column":32}},"33":{"start":{"line":85,"column":25},"end":{"line":85,"column":30}},"34":{"start":{"line":86,"column":25},"end":{"line":90,"column":7}},"35":{"start":{"line":91,"column":28},"end":{"line":91,"column":87}},"36":{"start":{"line":94,"column":6},"end":{"line":94,"column":40}},"37":{"start":{"line":95,"column":6},"end":{"line":95,"column":66}},"38":{"start":{"line":98,"column":21},"end":{"line":98,"column":89}},"39":{"start":{"line":101,"column":6},"end":{"line":101,"column":52}},"40":{"start":{"line":102,"column":6},"end":{"line":102,"column":91}},"41":{"start":{"line":103,"column":6},"end":{"line":103,"column":44}},"42":{"start":{"line":106,"column":4},"end":{"line":114,"column":7}},"43":{"start":{"line":108,"column":6},"end":{"line":108,"column":40}},"44":{"start":{"line":111,"column":6},"end":{"line":113,"column":47}}},"fnMap":{"0":{"name":"(anonymous_0)","decl":{"start":{"line":9,"column":40},"end":{"line":9,"column":41}},"loc":{"start":{"line":9,"column":47},"end":{"line":11,"column":1}},"line":9},"1":{"name":"(anonymous_1)","decl":{"start":{"line":17,"column":27},"end":{"line":17,"column":28}},"loc":{"start":{"line":17,"column":33},"end":{"line":116,"column":1}},"line":17},"2":{"name":"(anonymous_2)","decl":{"start":{"line":19,"column":13},"end":{"line":19,"column":14}},"loc":{"start":{"line":19,"column":19},"end":{"line":21,"column":3}},"line":19},"3":{"name":"(anonymous_3)","decl":{"start":{"line":23,"column":31},"end":{"line":23,"column":32}},"loc":{"start":{"line":23,"column":37},"end":{"line":53,"column":3}},"line":23},"4":{"name":"(anonymous_4)","decl":{"start":{"line":24,"column":45},"end":{"line":24,"column":46}},"loc":{"start":{"line":24,"column":57},"end":{"line":44,"column":5}},"line":24},"5":{"name":"(anonymous_5)","decl":{"start":{"line":46,"column":45},"end":{"line":46,"column":46}},"loc":{"start":{"line":46,"column":57},"end":{"line":52,"column":5}},"line":46},"6":{"name":"(anonymous_6)","decl":{"start":{"line":55,"column":29},"end":{"line":55,"column":30}},"loc":{"start":{"line":55,"column":35},"end":{"line":79,"column":3}},"line":55},"7":{"name":"(anonymous_7)","decl":{"start":{"line":56,"column":46},"end":{"line":56,"column":47}},"loc":{"start":{"line":56,"column":58},"end":{"line":73,"column":5}},"line":56},"8":{"name":"(anonymous_8)","decl":{"start":{"line":75,"column":45},"end":{"line":75,"column":46}},"loc":{"start":{"line":75,"column":57},"end":{"line":78,"column":5}},"line":75},"9":{"name":"(anonymous_9)","decl":{"start":{"line":81,"column":34},"end":{"line":81,"column":35}},"loc":{"start":{"line":81,"column":40},"end":{"line":115,"column":3}},"line":81},"10":{"name":"(anonymous_10)","decl":{"start":{"line":82,"column":55},"end":{"line":82,"column":56}},"loc":{"start":{"line":82,"column":67},"end":{"line":104,"column":5}},"line":82},"11":{"name":"(anonymous_11)","decl":{"start":{"line":106,"column":53},"end":{"line":106,"column":54}},"loc":{"start":{"line":106,"column":65},"end":{"line":114,"column":5}},"line":106}},"branchMap":{},"s":{"0":0,"1":0,"2":0,"3":0,"4":0,"5":0,"6":0,"7":0,"8":0,"9":0,"10":0,"11":0,"12":0,"13":0,"14":0,"15":0,"16":0,"17":0,"18":0,"19":0,"20":0,"21":0,"22":0,"23":0,"24":0,"25":0,"26":0,"27":0,"28":0,"29":0,"30":0,"31":0,"32":0,"33":0,"34":0,"35":0,"36":0,"37":0,"38":0,"39":0,"40":0,"41":0,"42":0,"43":0,"44":0},"f":{"0":0,"1":0,"2":0,"3":0,"4":0,"5":0,"6":0,"7":0,"8":0,"9":0,"10":0,"11":0},"b":{}}
,"C:\\xampp\\htdocs\\systemdihs\\src\\adviser\\sf1.js": {"path":"C:\\xampp\\htdocs\\systemdihs\\src\\adviser\\sf1.js","statementMap":{"0":{"start":{"line":2,"column":17},"end":{"line":2,"column":26}},"1":{"start":{"line":4,"column":4},"end":{"line":41,"column":5}},"2":{"start":{"line":6,"column":28},"end":{"line":9,"column":9}},"3":{"start":{"line":11,"column":8},"end":{"line":11,"column":40}},"4":{"start":{"line":11,"column":26},"end":{"line":11,"column":40}},"5":{"start":{"line":13,"column":26},"end":{"line":13,"column":51}},"6":{"start":{"line":14,"column":8},"end":{"line":14,"column":27}},"7":{"start":{"line":16,"column":8},"end":{"line":18,"column":9}},"8":{"start":{"line":17,"column":12},"end":{"line":17,"column":26}},"9":{"start":{"line":21,"column":20},"end":{"line":21,"column":106}},"10":{"start":{"line":22,"column":21},"end":{"line":22,"column":38}},"11":{"start":{"line":23,"column":8},"end":{"line":23,"column":33}},"12":{"start":{"line":23,"column":19},"end":{"line":23,"column":33}},"13":{"start":{"line":25,"column":8},"end":{"line":25,"column":34}},"14":{"start":{"line":26,"column":8},"end":{"line":26,"column":23}},"15":{"start":{"line":27,"column":23},"end":{"line":27,"column":40}},"16":{"start":{"line":29,"column":8},"end":{"line":34,"column":9}},"17":{"start":{"line":30,"column":12},"end":{"line":33,"column":13}},"18":{"start":{"line":31,"column":16},"end":{"line":31,"column":37}},"19":{"start":{"line":32,"column":16},"end":{"line":32,"column":22}},"20":{"start":{"line":36,"column":8},"end":{"line":36,"column":22}},"21":{"start":{"line":37,"column":8},"end":{"line":37,"column":21}},"22":{"start":{"line":40,"column":8},"end":{"line":40,"column":55}},"23":{"start":{"line":43,"column":4},"end":{"line":43,"column":18}},"24":{"start":{"line":46,"column":0},"end":{"line":46,"column":38}}},"fnMap":{"0":{"name":"getStudentStatus","decl":{"start":{"line":1,"column":10},"end":{"line":1,"column":26}},"loc":{"start":{"line":1,"column":58},"end":{"line":44,"column":1}},"line":1}},"branchMap":{"0":{"loc":{"start":{"line":1,"column":38},"end":{"line":1,"column":56}},"type":"default-arg","locations":[{"start":{"line":1,"column":54},"end":{"line":1,"column":56}}],"line":1},"1":{"loc":{"start":{"line":11,"column":8},"end":{"line":11,"column":40}},"type":"if","locations":[{"start":{"line":11,"column":8},"end":{"line":11,"column":40}},{"start":{},"end":{}}],"line":11},"2":{"loc":{"start":{"line":16,"column":8},"end":{"line":18,"column":9}},"type":"if","locations":[{"start":{"line":16,"column":8},"end":{"line":18,"column":9}},{"start":{},"end":{}}],"line":16},"3":{"loc":{"start":{"line":16,"column":12},"end":{"line":16,"column":44}},"type":"binary-expr","locations":[{"start":{"line":16,"column":12},"end":{"line":16,"column":22}},{"start":{"line":16,"column":26},"end":{"line":16,"column":44}}],"line":16},"4":{"loc":{"start":{"line":23,"column":8},"end":{"line":23,"column":33}},"type":"if","locations":[{"start":{"line":23,"column":8},"end":{"line":23,"column":33}},{"start":{},"end":{}}],"line":23},"5":{"loc":{"start":{"line":30,"column":12},"end":{"line":33,"column":13}},"type":"if","locations":[{"start":{"line":30,"column":12},"end":{"line":33,"column":13}},{"start":{},"end":{}}],"line":30}},"s":{"0":0,"1":0,"2":0,"3":0,"4":0,"5":0,"6":0,"7":0,"8":0,"9":0,"10":0,"11":0,"12":0,"13":0,"14":0,"15":0,"16":0,"17":0,"18":0,"19":0,"20":0,"21":0,"22":0,"23":0,"24":0},"f":{"0":0},"b":{"0":[0],"1":[0,0],"2":[0,0],"3":[0,0],"4":[0,0],"5":[0,0]}}
,"C:\\xampp\\htdocs\\systemdihs\\src\\auth\\loginService.js": {"path":"C:\\xampp\\htdocs\\systemdihs\\src\\auth\\loginService.js","statementMap":{"0":{"start":{"line":2,"column":18},"end":{"line":10,"column":1}},"1":{"start":{"line":13,"column":21},"end":{"line":20,"column":1}},"2":{"start":{"line":27,"column":25},"end":{"line":41,"column":1}},"3":{"start":{"line":28,"column":4},"end":{"line":30,"column":5}},"4":{"start":{"line":29,"column":8},"end":{"line":29,"column":67}},"5":{"start":{"line":31,"column":4},"end":{"line":33,"column":5}},"6":{"start":{"line":32,"column":8},"end":{"line":32,"column":90}},"7":{"start":{"line":34,"column":4},"end":{"line":36,"column":5}},"8":{"start":{"line":35,"column":8},"end":{"line":35,"column":98}},"9":{"start":{"line":37,"column":4},"end":{"line":39,"column":5}},"10":{"start":{"line":38,"column":8},"end":{"line":38,"column":88}},"11":{"start":{"line":40,"column":4},"end":{"line":40,"column":59}},"12":{"start":{"line":48,"column":22},"end":{"line":51,"column":1}},"13":{"start":{"line":49,"column":4},"end":{"line":49,"column":26}},"14":{"start":{"line":49,"column":16},"end":{"line":49,"column":26}},"15":{"start":{"line":50,"column":4},"end":{"line":50,"column":49}},"16":{"start":{"line":59,"column":14},"end":{"line":102,"column":1}},"17":{"start":{"line":60,"column":4},"end":{"line":101,"column":5}},"18":{"start":{"line":62,"column":8},"end":{"line":64,"column":9}},"19":{"start":{"line":63,"column":12},"end":{"line":63,"column":85}},"20":{"start":{"line":67,"column":34},"end":{"line":67,"column":57}},"21":{"start":{"line":68,"column":34},"end":{"line":68,"column":57}},"22":{"start":{"line":71,"column":21},"end":{"line":74,"column":9}},"23":{"start":{"line":72,"column":12},"end":{"line":73,"column":44}},"24":{"start":{"line":76,"column":8},"end":{"line":78,"column":9}},"25":{"start":{"line":77,"column":12},"end":{"line":77,"column":79}},"26":{"start":{"line":81,"column":8},"end":{"line":86,"column":9}},"27":{"start":{"line":82,"column":12},"end":{"line":85,"column":14}},"28":{"start":{"line":89,"column":45},"end":{"line":89,"column":49}},"29":{"start":{"line":90,"column":8},"end":{"line":94,"column":10}},"30":{"start":{"line":96,"column":8},"end":{"line":96,"column":45}},"31":{"start":{"line":97,"column":8},"end":{"line":100,"column":10}},"32":{"start":{"line":104,"column":0},"end":{"line":108,"column":2}}},"fnMap":{"0":{"name":"(anonymous_0)","decl":{"start":{"line":27,"column":25},"end":{"line":27,"column":26}},"loc":{"start":{"line":27,"column":39},"end":{"line":41,"column":1}},"line":27},"1":{"name":"(anonymous_1)","decl":{"start":{"line":48,"column":22},"end":{"line":48,"column":23}},"loc":{"start":{"line":48,"column":33},"end":{"line":51,"column":1}},"line":48},"2":{"name":"(anonymous_2)","decl":{"start":{"line":59,"column":14},"end":{"line":59,"column":15}},"loc":{"start":{"line":59,"column":44},"end":{"line":102,"column":1}},"line":59},"3":{"name":"(anonymous_3)","decl":{"start":{"line":71,"column":36},"end":{"line":71,"column":37}},"loc":{"start":{"line":72,"column":12},"end":{"line":73,"column":44}},"line":72}},"branchMap":{"0":{"loc":{"start":{"line":28,"column":4},"end":{"line":30,"column":5}},"type":"if","locations":[{"start":{"line":28,"column":4},"end":{"line":30,"column":5}},{"start":{},"end":{}}],"line":28},"1":{"loc":{"start":{"line":31,"column":4},"end":{"line":33,"column":5}},"type":"if","locations":[{"start":{"line":31,"column":4},"end":{"line":33,"column":5}},{"start":{},"end":{}}],"line":31},"2":{"loc":{"start":{"line":34,"column":4},"end":{"line":36,"column":5}},"type":"if","locations":[{"start":{"line":34,"column":4},"end":{"line":36,"column":5}},{"start":{},"end":{}}],"line":34},"3":{"loc":{"start":{"line":37,"column":4},"end":{"line":39,"column":5}},"type":"if","locations":[{"start":{"line":37,"column":4},"end":{"line":39,"column":5}},{"start":{},"end":{}}],"line":37},"4":{"loc":{"start":{"line":49,"column":4},"end":{"line":49,"column":26}},"type":"if","locations":[{"start":{"line":49,"column":4},"end":{"line":49,"column":26}},{"start":{},"end":{}}],"line":49},"5":{"loc":{"start":{"line":62,"column":8},"end":{"line":64,"column":9}},"type":"if","locations":[{"start":{"line":62,"column":8},"end":{"line":64,"column":9}},{"start":{},"end":{}}],"line":62},"6":{"loc":{"start":{"line":62,"column":12},"end":{"line":62,"column":34}},"type":"binary-expr","locations":[{"start":{"line":62,"column":12},"end":{"line":62,"column":21}},{"start":{"line":62,"column":25},"end":{"line":62,"column":34}}],"line":62},"7":{"loc":{"start":{"line":72,"column":12},"end":{"line":73,"column":44}},"type":"binary-expr","locations":[{"start":{"line":72,"column":12},"end":{"line":72,"column":44}},{"start":{"line":73,"column":12},"end":{"line":73,"column":44}}],"line":72},"8":{"loc":{"start":{"line":76,"column":8},"end":{"line":78,"column":9}},"type":"if","locations":[{"start":{"line":76,"column":8},"end":{"line":78,"column":9}},{"start":{},"end":{}}],"line":76},"9":{"loc":{"start":{"line":81,"column":8},"end":{"line":86,"column":9}},"type":"if","locations":[{"start":{"line":81,"column":8},"end":{"line":86,"column":9}},{"start":{},"end":{}}],"line":81},"10":{"loc":{"start":{"line":93,"column":25},"end":{"line":93,"column":55}},"type":"binary-expr","locations":[{"start":{"line":93,"column":25},"end":{"line":93,"column":48}},{"start":{"line":93,"column":52},"end":{"line":93,"column":55}}],"line":93}},"s":{"0":0,"1":0,"2":0,"3":0,"4":0,"5":0,"6":0,"7":0,"8":0,"9":0,"10":0,"11":0,"12":0,"13":0,"14":0,"15":0,"16":0,"17":0,"18":0,"19":0,"20":0,"21":0,"22":0,"23":0,"24":0,"25":0,"26":0,"27":0,"28":0,"29":0,"30":0,"31":0,"32":0},"f":{"0":0,"1":0,"2":0,"3":0},"b":{"0":[0,0],"1":[0,0],"2":[0,0],"3":[0,0],"4":[0,0],"5":[0,0],"6":[0,0],"7":[0,0],"8":[0,0],"9":[0,0],"10":[0,0]}}
,"C:\\xampp\\htdocs\\systemdihs\\src\\services\\authService.js": {"path":"C:\\xampp\\htdocs\\systemdihs\\src\\services\\authService.js","statementMap":{"0":{"start":{"line":2,"column":15},"end":{"line":2,"column":32}},"1":{"start":{"line":4,"column":0},"end":{"line":46,"column":2}},"2":{"start":{"line":5,"column":2},"end":{"line":45,"column":4}},"3":{"start":{"line":13,"column":6},"end":{"line":33,"column":7}},"4":{"start":{"line":14,"column":21},"end":{"line":14,"column":57}},"5":{"start":{"line":15,"column":8},"end":{"line":17,"column":9}},"6":{"start":{"line":16,"column":10},"end":{"line":16,"column":63}},"7":{"start":{"line":21,"column":24},"end":{"line":21,"column":50}},"8":{"start":{"line":23,"column":8},"end":{"line":25,"column":9}},"9":{"start":{"line":24,"column":10},"end":{"line":24,"column":68}},"10":{"start":{"line":28,"column":56},"end":{"line":28,"column":60}},"11":{"start":{"line":29,"column":8},"end":{"line":29,"column":60}},"12":{"start":{"line":31,"column":8},"end":{"line":31,"column":54}},"13":{"start":{"line":32,"column":8},"end":{"line":32,"column":68}},"14":{"start":{"line":43,"column":6},"end":{"line":43,"column":46}}},"fnMap":{"0":{"name":"(anonymous_0)","decl":{"start":{"line":4,"column":17},"end":{"line":4,"column":18}},"loc":{"start":{"line":4,"column":25},"end":{"line":46,"column":1}},"line":4},"1":{"name":"(anonymous_1)","decl":{"start":{"line":12,"column":18},"end":{"line":12,"column":19}},"loc":{"start":{"line":12,"column":48},"end":{"line":34,"column":5}},"line":12},"2":{"name":"(anonymous_2)","decl":{"start":{"line":41,"column":19},"end":{"line":41,"column":20}},"loc":{"start":{"line":41,"column":29},"end":{"line":44,"column":5}},"line":41}},"branchMap":{"0":{"loc":{"start":{"line":15,"column":8},"end":{"line":17,"column":9}},"type":"if","locations":[{"start":{"line":15,"column":8},"end":{"line":17,"column":9}},{"start":{},"end":{}}],"line":15},"1":{"loc":{"start":{"line":23,"column":8},"end":{"line":25,"column":9}},"type":"if","locations":[{"start":{"line":23,"column":8},"end":{"line":25,"column":9}},{"start":{},"end":{}}],"line":23}},"s":{"0":0,"1":0,"2":0,"3":0,"4":0,"5":0,"6":0,"7":0,"8":0,"9":0,"10":0,"11":0,"12":0,"13":0,"14":0},"f":{"0":0,"1":0,"2":0},"b":{"0":[0,0],"1":[0,0]}}
,"C:\\xampp\\htdocs\\systemdihs\\src\\services\\authzService.js": {"path":"C:\\xampp\\htdocs\\systemdihs\\src\\services\\authzService.js","statementMap":{"0":{"start":{"line":4,"column":20},"end":{"line":18,"column":1}},"1":{"start":{"line":20,"column":0},"end":{"line":85,"column":2}},"2":{"start":{"line":21,"column":2},"end":{"line":84,"column":4}},"3":{"start":{"line":30,"column":6},"end":{"line":45,"column":7}},"4":{"start":{"line":32,"column":8},"end":{"line":32,"column":32}},"5":{"start":{"line":32,"column":19},"end":{"line":32,"column":32}},"6":{"start":{"line":35,"column":8},"end":{"line":35,"column":45}},"7":{"start":{"line":35,"column":32},"end":{"line":35,"column":45}},"8":{"start":{"line":38,"column":8},"end":{"line":38,"column":55}},"9":{"start":{"line":38,"column":42},"end":{"line":38,"column":55}},"10":{"start":{"line":41,"column":8},"end":{"line":41,"column":60}},"11":{"start":{"line":43,"column":8},"end":{"line":43,"column":53}},"12":{"start":{"line":44,"column":8},"end":{"line":44,"column":21}},"13":{"start":{"line":54,"column":6},"end":{"line":54,"column":37}},"14":{"start":{"line":64,"column":6},"end":{"line":82,"column":8}},"15":{"start":{"line":65,"column":8},"end":{"line":81,"column":9}},"16":{"start":{"line":67,"column":23},"end":{"line":67,"column":31}},"17":{"start":{"line":69,"column":10},"end":{"line":71,"column":11}},"18":{"start":{"line":70,"column":12},"end":{"line":70,"column":67}},"19":{"start":{"line":73,"column":10},"end":{"line":75,"column":11}},"20":{"start":{"line":74,"column":12},"end":{"line":74,"column":26}},"21":{"start":{"line":77,"column":10},"end":{"line":77,"column":62}},"22":{"start":{"line":79,"column":10},"end":{"line":79,"column":66}},"23":{"start":{"line":80,"column":10},"end":{"line":80,"column":74}}},"fnMap":{"0":{"name":"(anonymous_0)","decl":{"start":{"line":20,"column":17},"end":{"line":20,"column":18}},"loc":{"start":{"line":20,"column":25},"end":{"line":85,"column":1}},"line":20},"1":{"name":"(anonymous_1)","decl":{"start":{"line":29,"column":17},"end":{"line":29,"column":18}},"loc":{"start":{"line":29,"column":45},"end":{"line":46,"column":5}},"line":29},"2":{"name":"(anonymous_2)","decl":{"start":{"line":53,"column":24},"end":{"line":53,"column":25}},"loc":{"start":{"line":53,"column":34},"end":{"line":55,"column":5}},"line":53},"3":{"name":"(anonymous_3)","decl":{"start":{"line":63,"column":15},"end":{"line":63,"column":16}},"loc":{"start":{"line":63,"column":37},"end":{"line":83,"column":5}},"line":63},"4":{"name":"(anonymous_4)","decl":{"start":{"line":64,"column":13},"end":{"line":64,"column":14}},"loc":{"start":{"line":64,"column":33},"end":{"line":82,"column":7}},"line":64}},"branchMap":{"0":{"loc":{"start":{"line":32,"column":8},"end":{"line":32,"column":32}},"type":"if","locations":[{"start":{"line":32,"column":8},"end":{"line":32,"column":32}},{"start":{},"end":{}}],"line":32},"1":{"loc":{"start":{"line":35,"column":8},"end":{"line":35,"column":45}},"type":"if","locations":[{"start":{"line":35,"column":8},"end":{"line":35,"column":45}},{"start":{},"end":{}}],"line":35},"2":{"loc":{"start":{"line":38,"column":8},"end":{"line":38,"column":55}},"type":"if","locations":[{"start":{"line":38,"column":8},"end":{"line":38,"column":55}},{"start":{},"end":{}}],"line":38},"3":{"loc":{"start":{"line":54,"column":13},"end":{"line":54,"column":36}},"type":"binary-expr","locations":[{"start":{"line":54,"column":13},"end":{"line":54,"column":30}},{"start":{"line":54,"column":34},"end":{"line":54,"column":36}}],"line":54},"4":{"loc":{"start":{"line":69,"column":10},"end":{"line":71,"column":11}},"type":"if","locations":[{"start":{"line":69,"column":10},"end":{"line":71,"column":11}},{"start":{},"end":{}}],"line":69},"5":{"loc":{"start":{"line":69,"column":14},"end":{"line":69,"column":33}},"type":"binary-expr","locations":[{"start":{"line":69,"column":14},"end":{"line":69,"column":19}},{"start":{"line":69,"column":23},"end":{"line":69,"column":33}}],"line":69},"6":{"loc":{"start":{"line":73,"column":10},"end":{"line":75,"column":11}},"type":"if","locations":[{"start":{"line":73,"column":10},"end":{"line":75,"column":11}},{"start":{},"end":{}}],"line":73}},"s":{"0":0,"1":0,"2":0,"3":0,"4":0,"5":0,"6":0,"7":0,"8":0,"9":0,"10":0,"11":0,"12":0,"13":0,"14":0,"15":0,"16":0,"17":0,"18":0,"19":0,"20":0,"21":0,"22":0,"23":0},"f":{"0":0,"1":0,"2":0,"3":0,"4":0},"b":{"0":[0,0],"1":[0,0],"2":[0,0],"3":[0,0],"4":[0,0],"5":[0,0],"6":[0,0]}}
,"C:\\xampp\\htdocs\\systemdihs\\src\\services\\formService.js": {"path":"C:\\xampp\\htdocs\\systemdihs\\src\\services\\formService.js","statementMap":{"0":{"start":{"line":2,"column":16},"end":{"line":2,"column":34}},"1":{"start":{"line":3,"column":11},"end":{"line":3,"column":24}},"2":{"start":{"line":4,"column":13},"end":{"line":4,"column":28}},"3":{"start":{"line":5,"column":35},"end":{"line":5,"column":65}},"4":{"start":{"line":8,"column":23},"end":{"line":24,"column":1}},"5":{"start":{"line":27,"column":0},"end":{"line":31,"column":3}},"6":{"start":{"line":28,"column":2},"end":{"line":30,"column":3}},"7":{"start":{"line":29,"column":4},"end":{"line":29,"column":58}},"8":{"start":{"line":33,"column":0},"end":{"line":166,"column":2}},"9":{"start":{"line":34,"column":2},"end":{"line":165,"column":4}},"10":{"start":{"line":42,"column":6},"end":{"line":95,"column":7}},"11":{"start":{"line":43,"column":25},"end":{"line":43,"column":49}},"12":{"start":{"line":44,"column":8},"end":{"line":46,"column":9}},"13":{"start":{"line":45,"column":10},"end":{"line":45,"column":64}},"14":{"start":{"line":49,"column":43},"end":{"line":49,"column":96}},"15":{"start":{"line":50,"column":8},"end":{"line":55,"column":9}},"16":{"start":{"line":51,"column":10},"end":{"line":54,"column":12}},"17":{"start":{"line":58,"column":25},"end":{"line":58,"column":47}},"18":{"start":{"line":59,"column":8},"end":{"line":59,"column":60}},"19":{"start":{"line":62,"column":26},"end":{"line":62,"column":48}},"20":{"start":{"line":63,"column":8},"end":{"line":65,"column":9}},"21":{"start":{"line":64,"column":10},"end":{"line":64,"column":70}},"22":{"start":{"line":70,"column":8},"end":{"line":70,"column":43}},"23":{"start":{"line":73,"column":26},"end":{"line":73,"column":86}},"24":{"start":{"line":74,"column":31},"end":{"line":74,"column":88}},"25":{"start":{"line":75,"column":27},"end":{"line":75,"column":72}},"26":{"start":{"line":78,"column":8},"end":{"line":78,"column":50}},"27":{"start":{"line":81,"column":8},"end":{"line":81,"column":69}},"28":{"start":{"line":83,"column":8},"end":{"line":88,"column":10}},"29":{"start":{"line":90,"column":8},"end":{"line":90,"column":67}},"30":{"start":{"line":91,"column":8},"end":{"line":94,"column":10}},"31":{"start":{"line":111,"column":6},"end":{"line":111,"column":51}},"32":{"start":{"line":119,"column":6},"end":{"line":134,"column":7}},"33":{"start":{"line":121,"column":25},"end":{"line":127,"column":9}},"34":{"start":{"line":129,"column":8},"end":{"line":129,"column":57}},"35":{"start":{"line":130,"column":8},"end":{"line":130,"column":20}},"36":{"start":{"line":132,"column":8},"end":{"line":132,"column":63}},"37":{"start":{"line":133,"column":8},"end":{"line":133,"column":21}},"38":{"start":{"line":143,"column":23},"end":{"line":143,"column":47}},"39":{"start":{"line":144,"column":6},"end":{"line":144,"column":33}},"40":{"start":{"line":144,"column":21},"end":{"line":144,"column":33}},"41":{"start":{"line":147,"column":6},"end":{"line":151,"column":8}},"42":{"start":{"line":159,"column":6},"end":{"line":163,"column":10}},"43":{"start":{"line":159,"column":69},"end":{"line":163,"column":7}}},"fnMap":{"0":{"name":"(anonymous_0)","decl":{"start":{"line":27,"column":38},"end":{"line":27,"column":39}},"loc":{"start":{"line":27,"column":50},"end":{"line":31,"column":1}},"line":27},"1":{"name":"(anonymous_1)","decl":{"start":{"line":33,"column":17},"end":{"line":33,"column":18}},"loc":{"start":{"line":33,"column":25},"end":{"line":166,"column":1}},"line":33},"2":{"name":"(anonymous_2)","decl":{"start":{"line":41,"column":18},"end":{"line":41,"column":19}},"loc":{"start":{"line":41,"column":44},"end":{"line":96,"column":5}},"line":41},"3":{"name":"(anonymous_3)","decl":{"start":{"line":102,"column":18},"end":{"line":102,"column":19}},"loc":{"start":{"line":102,"column":39},"end":{"line":112,"column":5}},"line":102},"4":{"name":"(anonymous_4)","decl":{"start":{"line":118,"column":23},"end":{"line":118,"column":24}},"loc":{"start":{"line":118,"column":58},"end":{"line":135,"column":5}},"line":118},"5":{"name":"(anonymous_5)","decl":{"start":{"line":142,"column":21},"end":{"line":142,"column":22}},"loc":{"start":{"line":142,"column":35},"end":{"line":152,"column":5}},"line":142},"6":{"name":"(anonymous_6)","decl":{"start":{"line":158,"column":21},"end":{"line":158,"column":22}},"loc":{"start":{"line":158,"column":27},"end":{"line":164,"column":5}},"line":158},"7":{"name":"(anonymous_7)","decl":{"start":{"line":159,"column":48},"end":{"line":159,"column":49}},"loc":{"start":{"line":159,"column":69},"end":{"line":163,"column":7}},"line":159}},"branchMap":{"0":{"loc":{"start":{"line":28,"column":2},"end":{"line":30,"column":3}},"type":"if","locations":[{"start":{"line":28,"column":2},"end":{"line":30,"column":3}},{"start":{},"end":{}}],"line":28},"1":{"loc":{"start":{"line":44,"column":8},"end":{"line":46,"column":9}},"type":"if","locations":[{"start":{"line":44,"column":8},"end":{"line":46,"column":9}},{"start":{},"end":{}}],"line":44},"2":{"loc":{"start":{"line":50,"column":8},"end":{"line":55,"column":9}},"type":"if","locations":[{"start":{"line":50,"column":8},"end":{"line":55,"column":9}},{"start":{},"end":{}}],"line":50},"3":{"loc":{"start":{"line":63,"column":8},"end":{"line":65,"column":9}},"type":"if","locations":[{"start":{"line":63,"column":8},"end":{"line":65,"column":9}},{"start":{},"end":{}}],"line":63},"4":{"loc":{"start":{"line":144,"column":6},"end":{"line":144,"column":33}},"type":"if","locations":[{"start":{"line":144,"column":6},"end":{"line":144,"column":33}},{"start":{},"end":{}}],"line":144}},"s":{"0":0,"1":0,"2":0,"3":0,"4":0,"5":0,"6":0,"7":0,"8":0,"9":0,"10":0,"11":0,"12":0,"13":0,"14":0,"15":0,"16":0,"17":0,"18":0,"19":0,"20":0,"21":0,"22":0,"23":0,"24":0,"25":0,"26":0,"27":0,"28":0,"29":0,"30":0,"31":0,"32":0,"33":0,"34":0,"35":0,"36":0,"37":0,"38":0,"39":0,"40":0,"41":0,"42":0,"43":0},"f":{"0":0,"1":0,"2":0,"3":0,"4":0,"5":0,"6":0,"7":0},"b":{"0":[0,0],"1":[0,0],"2":[0,0],"3":[0,0],"4":[0,0]}}
,"C:\\xampp\\htdocs\\systemdihs\\src\\services\\recordService.js": {"path":"C:\\xampp\\htdocs\\systemdihs\\src\\services\\recordService.js","statementMap":{"0":{"start":{"line":2,"column":24},"end":{"line":2,"column":54}},"1":{"start":{"line":4,"column":0},"end":{"line":113,"column":2}},"2":{"start":{"line":5,"column":2},"end":{"line":112,"column":4}},"3":{"start":{"line":12,"column":6},"end":{"line":20,"column":7}},"4":{"start":{"line":13,"column":8},"end":{"line":15,"column":9}},"5":{"start":{"line":14,"column":10},"end":{"line":14,"column":48}},"6":{"start":{"line":16,"column":8},"end":{"line":16,"column":45}},"7":{"start":{"line":18,"column":8},"end":{"line":18,"column":62}},"8":{"start":{"line":19,"column":8},"end":{"line":19,"column":50}},"9":{"start":{"line":29,"column":6},"end":{"line":37,"column":7}},"10":{"start":{"line":30,"column":8},"end":{"line":32,"column":9}},"11":{"start":{"line":31,"column":10},"end":{"line":31,"column":54}},"12":{"start":{"line":33,"column":8},"end":{"line":33,"column":53}},"13":{"start":{"line":35,"column":8},"end":{"line":35,"column":58}},"14":{"start":{"line":36,"column":8},"end":{"line":36,"column":53}},"15":{"start":{"line":48,"column":6},"end":{"line":67,"column":7}},"16":{"start":{"line":49,"column":8},"end":{"line":51,"column":9}},"17":{"start":{"line":50,"column":10},"end":{"line":50,"column":48}},"18":{"start":{"line":53,"column":33},"end":{"line":53,"column":55}},"19":{"start":{"line":54,"column":8},"end":{"line":56,"column":9}},"20":{"start":{"line":55,"column":10},"end":{"line":55,"column":49}},"21":{"start":{"line":59,"column":8},"end":{"line":61,"column":9}},"22":{"start":{"line":60,"column":10},"end":{"line":60,"column":70}},"23":{"start":{"line":63,"column":8},"end":{"line":63,"column":67}},"24":{"start":{"line":65,"column":8},"end":{"line":65,"column":63}},"25":{"start":{"line":66,"column":8},"end":{"line":66,"column":83}},"26":{"start":{"line":76,"column":6},"end":{"line":78,"column":7}},"27":{"start":{"line":77,"column":8},"end":{"line":77,"column":21}},"28":{"start":{"line":80,"column":29},"end":{"line":84,"column":7}},"29":{"start":{"line":86,"column":21},"end":{"line":86,"column":53}},"30":{"start":{"line":87,"column":6},"end":{"line":87,"column":62}},"31":{"start":{"line":87,"column":35},"end":{"line":87,"column":60}},"32":{"start":{"line":96,"column":6},"end":{"line":110,"column":7}},"33":{"start":{"line":97,"column":8},"end":{"line":99,"column":9}},"34":{"start":{"line":98,"column":10},"end":{"line":98,"column":48}},"35":{"start":{"line":101,"column":24},"end":{"line":101,"column":53}},"36":{"start":{"line":102,"column":8},"end":{"line":104,"column":9}},"37":{"start":{"line":103,"column":10},"end":{"line":103,"column":47}},"38":{"start":{"line":106,"column":8},"end":{"line":106,"column":37}},"39":{"start":{"line":108,"column":8},"end":{"line":108,"column":63}},"40":{"start":{"line":109,"column":8},"end":{"line":109,"column":57}}},"fnMap":{"0":{"name":"(anonymous_0)","decl":{"start":{"line":4,"column":17},"end":{"line":4,"column":18}},"loc":{"start":{"line":4,"column":25},"end":{"line":113,"column":1}},"line":4},"1":{"name":"(anonymous_1)","decl":{"start":{"line":11,"column":22},"end":{"line":11,"column":23}},"loc":{"start":{"line":11,"column":37},"end":{"line":21,"column":5}},"line":11},"2":{"name":"(anonymous_2)","decl":{"start":{"line":28,"column":20},"end":{"line":28,"column":21}},"loc":{"start":{"line":28,"column":37},"end":{"line":38,"column":5}},"line":28},"3":{"name":"(anonymous_3)","decl":{"start":{"line":47,"column":25},"end":{"line":47,"column":26}},"loc":{"start":{"line":47,"column":58},"end":{"line":68,"column":5}},"line":47},"4":{"name":"(anonymous_4)","decl":{"start":{"line":74,"column":24},"end":{"line":74,"column":25}},"loc":{"start":{"line":74,"column":46},"end":{"line":88,"column":5}},"line":74},"5":{"name":"(anonymous_5)","decl":{"start":{"line":87,"column":26},"end":{"line":87,"column":27}},"loc":{"start":{"line":87,"column":35},"end":{"line":87,"column":60}},"line":87},"6":{"name":"(anonymous_6)","decl":{"start":{"line":95,"column":26},"end":{"line":95,"column":27}},"loc":{"start":{"line":95,"column":41},"end":{"line":111,"column":5}},"line":95}},"branchMap":{"0":{"loc":{"start":{"line":13,"column":8},"end":{"line":15,"column":9}},"type":"if","locations":[{"start":{"line":13,"column":8},"end":{"line":15,"column":9}},{"start":{},"end":{}}],"line":13},"1":{"loc":{"start":{"line":30,"column":8},"end":{"line":32,"column":9}},"type":"if","locations":[{"start":{"line":30,"column":8},"end":{"line":32,"column":9}},{"start":{},"end":{}}],"line":30},"2":{"loc":{"start":{"line":30,"column":12},"end":{"line":30,"column":70}},"type":"binary-expr","locations":[{"start":{"line":30,"column":12},"end":{"line":30,"column":18}},{"start":{"line":30,"column":22},"end":{"line":30,"column":47}},{"start":{"line":30,"column":51},"end":{"line":30,"column":70}}],"line":30},"3":{"loc":{"start":{"line":49,"column":8},"end":{"line":51,"column":9}},"type":"if","locations":[{"start":{"line":49,"column":8},"end":{"line":51,"column":9}},{"start":{},"end":{}}],"line":49},"4":{"loc":{"start":{"line":54,"column":8},"end":{"line":56,"column":9}},"type":"if","locations":[{"start":{"line":54,"column":8},"end":{"line":56,"column":9}},{"start":{},"end":{}}],"line":54},"5":{"loc":{"start":{"line":59,"column":8},"end":{"line":61,"column":9}},"type":"if","locations":[{"start":{"line":59,"column":8},"end":{"line":61,"column":9}},{"start":{},"end":{}}],"line":59},"6":{"loc":{"start":{"line":76,"column":6},"end":{"line":78,"column":7}},"type":"if","locations":[{"start":{"line":76,"column":6},"end":{"line":78,"column":7}},{"start":{},"end":{}}],"line":76},"7":{"loc":{"start":{"line":76,"column":10},"end":{"line":76,"column":43}},"type":"binary-expr","locations":[{"start":{"line":76,"column":10},"end":{"line":76,"column":15}},{"start":{"line":76,"column":19},"end":{"line":76,"column":43}}],"line":76},"8":{"loc":{"start":{"line":86,"column":21},"end":{"line":86,"column":53}},"type":"binary-expr","locations":[{"start":{"line":86,"column":21},"end":{"line":86,"column":47}},{"start":{"line":86,"column":51},"end":{"line":86,"column":53}}],"line":86},"9":{"loc":{"start":{"line":97,"column":8},"end":{"line":99,"column":9}},"type":"if","locations":[{"start":{"line":97,"column":8},"end":{"line":99,"column":9}},{"start":{},"end":{}}],"line":97},"10":{"loc":{"start":{"line":102,"column":8},"end":{"line":104,"column":9}},"type":"if","locations":[{"start":{"line":102,"column":8},"end":{"line":104,"column":9}},{"start":{},"end":{}}],"line":102},"11":{"loc":{"start":{"line":106,"column":15},"end":{"line":106,"column":36}},"type":"binary-expr","locations":[{"start":{"line":106,"column":15},"end":{"line":106,"column":30}},{"start":{"line":106,"column":34},"end":{"line":106,"column":36}}],"line":106}},"s":{"0":0,"1":0,"2":0,"3":0,"4":0,"5":0,"6":0,"7":0,"8":0,"9":0,"10":0,"11":0,"12":0,"13":0,"14":0,"15":0,"16":0,"17":0,"18":0,"19":0,"20":0,"21":0,"22":0,"23":0,"24":0,"25":0,"26":0,"27":0,"28":0,"29":0,"30":0,"31":0,"32":0,"33":0,"34":0,"35":0,"36":0,"37":0,"38":0,"39":0,"40":0},"f":{"0":0,"1":0,"2":0,"3":0,"4":0,"5":0,"6":0},"b":{"0":[0,0],"1":[0,0],"2":[0,0,0],"3":[0,0],"4":[0,0],"5":[0,0],"6":[0,0],"7":[0,0],"8":[0,0],"9":[0,0],"10":[0,0],"11":[0,0]}}
,"C:\\xampp\\htdocs\\systemdihs\\src\\services\\userService.js": {"path":"C:\\xampp\\htdocs\\systemdihs\\src\\services\\userService.js","statementMap":{"0":{"start":{"line":2,"column":15},"end":{"line":2,"column":32}},"1":{"start":{"line":4,"column":0},"end":{"line":72,"column":2}},"2":{"start":{"line":5,"column":2},"end":{"line":71,"column":4}},"3":{"start":{"line":12,"column":6},"end":{"line":28,"column":7}},"4":{"start":{"line":15,"column":29},"end":{"line":20,"column":9}},"5":{"start":{"line":22,"column":28},"end":{"line":22,"column":61}},"6":{"start":{"line":23,"column":53},"end":{"line":23,"column":64}},"7":{"start":{"line":24,"column":8},"end":{"line":24,"column":35}},"8":{"start":{"line":26,"column":8},"end":{"line":26,"column":53}},"9":{"start":{"line":27,"column":8},"end":{"line":27,"column":49}},"10":{"start":{"line":38,"column":6},"end":{"line":49,"column":7}},"11":{"start":{"line":39,"column":28},"end":{"line":39,"column":68}},"12":{"start":{"line":40,"column":8},"end":{"line":42,"column":9}},"13":{"start":{"line":41,"column":10},"end":{"line":41,"column":44}},"14":{"start":{"line":44,"column":53},"end":{"line":44,"column":64}},"15":{"start":{"line":45,"column":8},"end":{"line":45,"column":35}},"16":{"start":{"line":47,"column":8},"end":{"line":47,"column":58}},"17":{"start":{"line":48,"column":8},"end":{"line":48,"column":54}},"18":{"start":{"line":58,"column":6},"end":{"line":69,"column":7}},"19":{"start":{"line":59,"column":21},"end":{"line":59,"column":49}},"20":{"start":{"line":60,"column":8},"end":{"line":62,"column":9}},"21":{"start":{"line":61,"column":10},"end":{"line":61,"column":22}},"22":{"start":{"line":64,"column":53},"end":{"line":64,"column":57}},"23":{"start":{"line":65,"column":8},"end":{"line":65,"column":35}},"24":{"start":{"line":67,"column":8},"end":{"line":67,"column":53}},"25":{"start":{"line":68,"column":8},"end":{"line":68,"column":48}}},"fnMap":{"0":{"name":"(anonymous_0)","decl":{"start":{"line":4,"column":17},"end":{"line":4,"column":18}},"loc":{"start":{"line":4,"column":25},"end":{"line":72,"column":1}},"line":4},"1":{"name":"(anonymous_1)","decl":{"start":{"line":11,"column":16},"end":{"line":11,"column":17}},"loc":{"start":{"line":11,"column":36},"end":{"line":29,"column":5}},"line":11},"2":{"name":"(anonymous_2)","decl":{"start":{"line":37,"column":20},"end":{"line":37,"column":21}},"loc":{"start":{"line":37,"column":47},"end":{"line":50,"column":5}},"line":37},"3":{"name":"(anonymous_3)","decl":{"start":{"line":57,"column":17},"end":{"line":57,"column":18}},"loc":{"start":{"line":57,"column":35},"end":{"line":70,"column":5}},"line":57}},"branchMap":{"0":{"loc":{"start":{"line":40,"column":8},"end":{"line":42,"column":9}},"type":"if","locations":[{"start":{"line":40,"column":8},"end":{"line":42,"column":9}},{"start":{},"end":{}}],"line":40},"1":{"loc":{"start":{"line":60,"column":8},"end":{"line":62,"column":9}},"type":"if","locations":[{"start":{"line":60,"column":8},"end":{"line":62,"column":9}},{"start":{},"end":{}}],"line":60}},"s":{"0":0,"1":0,"2":0,"3":0,"4":0,"5":0,"6":0,"7":0,"8":0,"9":0,"10":0,"11":0,"12":0,"13":0,"14":0,"15":0,"16":0,"17":0,"18":0,"19":0,"20":0,"21":0,"22":0,"23":0,"24":0,"25":0},"f":{"0":0,"1":0,"2":0,"3":0},"b":{"0":[0,0],"1":[0,0]}}
,"C:\\xampp\\htdocs\\systemdihs\\src\\utils\\mathUtils.js": {"path":"C:\\xampp\\htdocs\\systemdihs\\src\\utils\\mathUtils.js","statementMap":{"0":{"start":{"line":9,"column":12},"end":{"line":9,"column":27}},"1":{"start":{"line":9,"column":22},"end":{"line":9,"column":27}},"2":{"start":{"line":17,"column":17},"end":{"line":17,"column":32}},"3":{"start":{"line":17,"column":27},"end":{"line":17,"column":32}},"4":{"start":{"line":25,"column":17},"end":{"line":25,"column":32}},"5":{"start":{"line":25,"column":27},"end":{"line":25,"column":32}},"6":{"start":{"line":34,"column":15},"end":{"line":39,"column":1}},"7":{"start":{"line":35,"column":2},"end":{"line":37,"column":3}},"8":{"start":{"line":36,"column":4},"end":{"line":36,"column":40}},"9":{"start":{"line":38,"column":2},"end":{"line":38,"column":15}},"10":{"start":{"line":41,"column":0},"end":{"line":46,"column":2}}},"fnMap":{"0":{"name":"(anonymous_0)","decl":{"start":{"line":9,"column":12},"end":{"line":9,"column":13}},"loc":{"start":{"line":9,"column":22},"end":{"line":9,"column":27}},"line":9},"1":{"name":"(anonymous_1)","decl":{"start":{"line":17,"column":17},"end":{"line":17,"column":18}},"loc":{"start":{"line":17,"column":27},"end":{"line":17,"column":32}},"line":17},"2":{"name":"(anonymous_2)","decl":{"start":{"line":25,"column":17},"end":{"line":25,"column":18}},"loc":{"start":{"line":25,"column":27},"end":{"line":25,"column":32}},"line":25},"3":{"name":"(anonymous_3)","decl":{"start":{"line":34,"column":15},"end":{"line":34,"column":16}},"loc":{"start":{"line":34,"column":25},"end":{"line":39,"column":1}},"line":34}},"branchMap":{"0":{"loc":{"start":{"line":35,"column":2},"end":{"line":37,"column":3}},"type":"if","locations":[{"start":{"line":35,"column":2},"end":{"line":37,"column":3}},{"start":{},"end":{}}],"line":35}},"s":{"0":0,"1":0,"2":0,"3":0,"4":0,"5":0,"6":0,"7":0,"8":0,"9":0,"10":0},"f":{"0":0,"1":0,"2":0,"3":0},"b":{"0":[0,0]}}
,"C:\\xampp\\htdocs\\systemdihs\\src\\utils\\validation.js": {"path":"C:\\xampp\\htdocs\\systemdihs\\src\\utils\\validation.js","statementMap":{"0":{"start":{"line":8,"column":20},"end":{"line":16,"column":1}},"1":{"start":{"line":10,"column":2},"end":{"line":12,"column":3}},"2":{"start":{"line":11,"column":4},"end":{"line":11,"column":17}},"3":{"start":{"line":15,"column":2},"end":{"line":15,"column":27}},"4":{"start":{"line":23,"column":22},"end":{"line":27,"column":1}},"5":{"start":{"line":24,"column":2},"end":{"line":24,"column":27}},"6":{"start":{"line":24,"column":14},"end":{"line":24,"column":27}},"7":{"start":{"line":25,"column":13},"end":{"line":25,"column":41}},"8":{"start":{"line":26,"column":2},"end":{"line":26,"column":46}},"9":{"start":{"line":35,"column":31},"end":{"line":52,"column":1}},"10":{"start":{"line":36,"column":2},"end":{"line":41,"column":3}},"11":{"start":{"line":37,"column":4},"end":{"line":40,"column":6}},"12":{"start":{"line":43,"column":24},"end":{"line":46,"column":4}},"13":{"start":{"line":44,"column":18},"end":{"line":44,"column":29}},"14":{"start":{"line":45,"column":4},"end":{"line":45,"column":65}},"15":{"start":{"line":48,"column":2},"end":{"line":51,"column":4}},"16":{"start":{"line":60,"column":25},"end":{"line":104,"column":1}},"17":{"start":{"line":61,"column":17},"end":{"line":61,"column":19}},"18":{"start":{"line":62,"column":16},"end":{"line":62,"column":20}},"19":{"start":{"line":64,"column":2},"end":{"line":98,"column":3}},"20":{"start":{"line":65,"column":18},"end":{"line":65,"column":33}},"21":{"start":{"line":66,"column":24},"end":{"line":66,"column":26}},"22":{"start":{"line":68,"column":4},"end":{"line":71,"column":5}},"23":{"start":{"line":69,"column":6},"end":{"line":69,"column":49}},"24":{"start":{"line":70,"column":6},"end":{"line":70,"column":22}},"25":{"start":{"line":73,"column":4},"end":{"line":93,"column":5}},"26":{"start":{"line":74,"column":6},"end":{"line":77,"column":7}},"27":{"start":{"line":75,"column":8},"end":{"line":75,"column":72}},"28":{"start":{"line":76,"column":8},"end":{"line":76,"column":24}},"29":{"start":{"line":79,"column":6},"end":{"line":82,"column":7}},"30":{"start":{"line":80,"column":8},"end":{"line":80,"column":75}},"31":{"start":{"line":81,"column":8},"end":{"line":81,"column":24}},"32":{"start":{"line":84,"column":6},"end":{"line":87,"column":7}},"33":{"start":{"line":85,"column":8},"end":{"line":85,"column":74}},"34":{"start":{"line":86,"column":8},"end":{"line":86,"column":24}},"35":{"start":{"line":89,"column":6},"end":{"line":92,"column":7}},"36":{"start":{"line":90,"column":8},"end":{"line":90,"column":43}},"37":{"start":{"line":91,"column":8},"end":{"line":91,"column":24}},"38":{"start":{"line":95,"column":4},"end":{"line":97,"column":5}},"39":{"start":{"line":96,"column":6},"end":{"line":96,"column":34}},"40":{"start":{"line":100,"column":2},"end":{"line":103,"column":4}},"41":{"start":{"line":106,"column":0},"end":{"line":111,"column":2}}},"fnMap":{"0":{"name":"(anonymous_0)","decl":{"start":{"line":8,"column":20},"end":{"line":8,"column":21}},"loc":{"start":{"line":8,"column":29},"end":{"line":16,"column":1}},"line":8},"1":{"name":"(anonymous_1)","decl":{"start":{"line":23,"column":22},"end":{"line":23,"column":23}},"loc":{"start":{"line":23,"column":33},"end":{"line":27,"column":1}},"line":23},"2":{"name":"(anonymous_2)","decl":{"start":{"line":35,"column":31},"end":{"line":35,"column":32}},"loc":{"start":{"line":35,"column":57},"end":{"line":52,"column":1}},"line":35},"3":{"name":"(anonymous_3)","decl":{"start":{"line":43,"column":46},"end":{"line":43,"column":47}},"loc":{"start":{"line":43,"column":55},"end":{"line":46,"column":3}},"line":43},"4":{"name":"(anonymous_4)","decl":{"start":{"line":60,"column":25},"end":{"line":60,"column":26}},"loc":{"start":{"line":60,"column":47},"end":{"line":104,"column":1}},"line":60}},"branchMap":{"0":{"loc":{"start":{"line":10,"column":2},"end":{"line":12,"column":3}},"type":"if","locations":[{"start":{"line":10,"column":2},"end":{"line":12,"column":3}},{"start":{},"end":{}}],"line":10},"1":{"loc":{"start":{"line":10,"column":6},"end":{"line":10,"column":50}},"type":"binary-expr","locations":[{"start":{"line":10,"column":6},"end":{"line":10,"column":29}},{"start":{"line":10,"column":33},"end":{"line":10,"column":50}}],"line":10},"2":{"loc":{"start":{"line":24,"column":2},"end":{"line":24,"column":27}},"type":"if","locations":[{"start":{"line":24,"column":2},"end":{"line":24,"column":27}},{"start":{},"end":{}}],"line":24},"3":{"loc":{"start":{"line":36,"column":2},"end":{"line":41,"column":3}},"type":"if","locations":[{"start":{"line":36,"column":2},"end":{"line":41,"column":3}},{"start":{},"end":{}}],"line":36},"4":{"loc":{"start":{"line":36,"column":6},"end":{"line":36,"column":39}},"type":"binary-expr","locations":[{"start":{"line":36,"column":6},"end":{"line":36,"column":11}},{"start":{"line":36,"column":15},"end":{"line":36,"column":39}}],"line":36},"5":{"loc":{"start":{"line":45,"column":11},"end":{"line":45,"column":64}},"type":"binary-expr","locations":[{"start":{"line":45,"column":11},"end":{"line":45,"column":30}},{"start":{"line":45,"column":34},"end":{"line":45,"column":48}},{"start":{"line":45,"column":52},"end":{"line":45,"column":64}}],"line":45},"6":{"loc":{"start":{"line":68,"column":4},"end":{"line":71,"column":5}},"type":"if","locations":[{"start":{"line":68,"column":4},"end":{"line":71,"column":5}},{"start":{},"end":{}}],"line":68},"7":{"loc":{"start":{"line":68,"column":8},"end":{"line":68,"column":81}},"type":"binary-expr","locations":[{"start":{"line":68,"column":8},"end":{"line":68,"column":22}},{"start":{"line":68,"column":27},"end":{"line":68,"column":46}},{"start":{"line":68,"column":50},"end":{"line":68,"column":64}},{"start":{"line":68,"column":68},"end":{"line":68,"column":80}}],"line":68},"8":{"loc":{"start":{"line":73,"column":4},"end":{"line":93,"column":5}},"type":"if","locations":[{"start":{"line":73,"column":4},"end":{"line":93,"column":5}},{"start":{},"end":{}}],"line":73},"9":{"loc":{"start":{"line":73,"column":8},"end":{"line":73,"column":61}},"type":"binary-expr","locations":[{"start":{"line":73,"column":8},"end":{"line":73,"column":27}},{"start":{"line":73,"column":31},"end":{"line":73,"column":45}},{"start":{"line":73,"column":49},"end":{"line":73,"column":61}}],"line":73},"10":{"loc":{"start":{"line":74,"column":6},"end":{"line":77,"column":7}},"type":"if","locations":[{"start":{"line":74,"column":6},"end":{"line":77,"column":7}},{"start":{},"end":{}}],"line":74},"11":{"loc":{"start":{"line":74,"column":10},"end":{"line":74,"column":51}},"type":"binary-expr","locations":[{"start":{"line":74,"column":10},"end":{"line":74,"column":20}},{"start":{"line":74,"column":24},"end":{"line":74,"column":51}}],"line":74},"12":{"loc":{"start":{"line":79,"column":6},"end":{"line":82,"column":7}},"type":"if","locations":[{"start":{"line":79,"column":6},"end":{"line":82,"column":7}},{"start":{},"end":{}}],"line":79},"13":{"loc":{"start":{"line":79,"column":10},"end":{"line":79,"column":59}},"type":"binary-expr","locations":[{"start":{"line":79,"column":10},"end":{"line":79,"column":25}},{"start":{"line":79,"column":29},"end":{"line":79,"column":59}}],"line":79},"14":{"loc":{"start":{"line":84,"column":6},"end":{"line":87,"column":7}},"type":"if","locations":[{"start":{"line":84,"column":6},"end":{"line":87,"column":7}},{"start":{},"end":{}}],"line":84},"15":{"loc":{"start":{"line":84,"column":10},"end":{"line":84,"column":59}},"type":"binary-expr","locations":[{"start":{"line":84,"column":10},"end":{"line":84,"column":25}},{"start":{"line":84,"column":29},"end":{"line":84,"column":59}}],"line":84},"16":{"loc":{"start":{"line":89,"column":6},"end":{"line":92,"column":7}},"type":"if","locations":[{"start":{"line":89,"column":6},"end":{"line":92,"column":7}},{"start":{},"end":{}}],"line":89},"17":{"loc":{"start":{"line":89,"column":10},"end":{"line":89,"column":53}},"type":"binary-expr","locations":[{"start":{"line":89,"column":10},"end":{"line":89,"column":23}},{"start":{"line":89,"column":27},"end":{"line":89,"column":53}}],"line":89},"18":{"loc":{"start":{"line":95,"column":4},"end":{"line":97,"column":5}},"type":"if","locations":[{"start":{"line":95,"column":4},"end":{"line":97,"column":5}},{"start":{},"end":{}}],"line":95},"19":{"loc":{"start":{"line":102,"column":12},"end":{"line":102,"column":58}},"type":"cond-expr","locations":[{"start":{"line":102,"column":45},"end":{"line":102,"column":51}},{"start":{"line":102,"column":54},"end":{"line":102,"column":58}}],"line":102}},"s":{"0":0,"1":0,"2":0,"3":0,"4":0,"5":0,"6":0,"7":0,"8":0,"9":0,"10":0,"11":0,"12":0,"13":0,"14":0,"15":0,"16":0,"17":0,"18":0,"19":0,"20":0,"21":0,"22":0,"23":0,"24":0,"25":0,"26":0,"27":0,"28":0,"29":0,"30":0,"31":0,"32":0,"33":0,"34":0,"35":0,"36":0,"37":0,"38":0,"39":0,"40":0,"41":0},"f":{"0":0,"1":0,"2":0,"3":0,"4":0},"b":{"0":[0,0],"1":[0,0],"2":[0,0],"3":[0,0],"4":[0,0],"5":[0,0,0],"6":[0,0],"7":[0,0,0,0],"8":[0,0],"9":[0,0,0],"10":[0,0],"11":[0,0],"12":[0,0],"13":[0,0],"14":[0,0],"15":[0,0],"16":[0,0],"17":[0,0],"18":[0,0],"19":[0,0]}}
,"C:\\xampp\\htdocs\\systemdihs\\src\\utils\\__tests__\\mathUtils.test.js": {"path":"C:\\xampp\\htdocs\\systemdihs\\src\\utils\\__tests__\\mathUtils.test.js","statementMap":{"0":{"start":{"line":1,"column":44},"end":{"line":1,"column":67}},"1":{"start":{"line":3,"column":0},"end":{"line":45,"column":3}},"2":{"start":{"line":5,"column":2},"end":{"line":15,"column":5}},"3":{"start":{"line":6,"column":4},"end":{"line":10,"column":7}},"4":{"start":{"line":7,"column":6},"end":{"line":7,"column":32}},"5":{"start":{"line":8,"column":6},"end":{"line":8,"column":33}},"6":{"start":{"line":9,"column":6},"end":{"line":9,"column":32}},"7":{"start":{"line":12,"column":4},"end":{"line":14,"column":7}},"8":{"start":{"line":13,"column":6},"end":{"line":13,"column":45}},"9":{"start":{"line":18,"column":2},"end":{"line":23,"column":5}},"10":{"start":{"line":19,"column":4},"end":{"line":22,"column":7}},"11":{"start":{"line":20,"column":6},"end":{"line":20,"column":37}},"12":{"start":{"line":21,"column":6},"end":{"line":21,"column":40}},"13":{"start":{"line":26,"column":2},"end":{"line":32,"column":5}},"14":{"start":{"line":27,"column":4},"end":{"line":31,"column":7}},"15":{"start":{"line":28,"column":6},"end":{"line":28,"column":37}},"16":{"start":{"line":29,"column":6},"end":{"line":29,"column":39}},"17":{"start":{"line":30,"column":6},"end":{"line":30,"column":37}},"18":{"start":{"line":35,"column":2},"end":{"line":44,"column":5}},"19":{"start":{"line":36,"column":4},"end":{"line":39,"column":7}},"20":{"start":{"line":37,"column":6},"end":{"line":37,"column":35}},"21":{"start":{"line":38,"column":6},"end":{"line":38,"column":36}},"22":{"start":{"line":41,"column":4},"end":{"line":43,"column":7}},"23":{"start":{"line":42,"column":6},"end":{"line":42,"column":61}},"24":{"start":{"line":42,"column":19},"end":{"line":42,"column":31}}},"fnMap":{"0":{"name":"(anonymous_0)","decl":{"start":{"line":3,"column":27},"end":{"line":3,"column":28}},"loc":{"start":{"line":3,"column":33},"end":{"line":45,"column":1}},"line":3},"1":{"name":"(anonymous_1)","decl":{"start":{"line":5,"column":20},"end":{"line":5,"column":21}},"loc":{"start":{"line":5,"column":26},"end":{"line":15,"column":3}},"line":5},"2":{"name":"(anonymous_2)","decl":{"start":{"line":6,"column":43},"end":{"line":6,"column":44}},"loc":{"start":{"line":6,"column":49},"end":{"line":10,"column":5}},"line":6},"3":{"name":"(anonymous_3)","decl":{"start":{"line":12,"column":40},"end":{"line":12,"column":41}},"loc":{"start":{"line":12,"column":46},"end":{"line":14,"column":5}},"line":12},"4":{"name":"(anonymous_4)","decl":{"start":{"line":18,"column":25},"end":{"line":18,"column":26}},"loc":{"start":{"line":18,"column":31},"end":{"line":23,"column":3}},"line":18},"5":{"name":"(anonymous_5)","decl":{"start":{"line":19,"column":48},"end":{"line":19,"column":49}},"loc":{"start":{"line":19,"column":54},"end":{"line":22,"column":5}},"line":19},"6":{"name":"(anonymous_6)","decl":{"start":{"line":26,"column":25},"end":{"line":26,"column":26}},"loc":{"start":{"line":26,"column":31},"end":{"line":32,"column":3}},"line":26},"7":{"name":"(anonymous_7)","decl":{"start":{"line":27,"column":48},"end":{"line":27,"column":49}},"loc":{"start":{"line":27,"column":54},"end":{"line":31,"column":5}},"line":27},"8":{"name":"(anonymous_8)","decl":{"start":{"line":35,"column":23},"end":{"line":35,"column":24}},"loc":{"start":{"line":35,"column":29},"end":{"line":44,"column":3}},"line":35},"9":{"name":"(anonymous_9)","decl":{"start":{"line":36,"column":46},"end":{"line":36,"column":47}},"loc":{"start":{"line":36,"column":52},"end":{"line":39,"column":5}},"line":36},"10":{"name":"(anonymous_10)","decl":{"start":{"line":41,"column":51},"end":{"line":41,"column":52}},"loc":{"start":{"line":41,"column":57},"end":{"line":43,"column":5}},"line":41},"11":{"name":"(anonymous_11)","decl":{"start":{"line":42,"column":13},"end":{"line":42,"column":14}},"loc":{"start":{"line":42,"column":19},"end":{"line":42,"column":31}},"line":42}},"branchMap":{},"s":{"0":0,"1":0,"2":0,"3":0,"4":0,"5":0,"6":0,"7":0,"8":0,"9":0,"10":0,"11":0,"12":0,"13":0,"14":0,"15":0,"16":0,"17":0,"18":0,"19":0,"20":0,"21":0,"22":0,"23":0,"24":0},"f":{"0":0,"1":0,"2":0,"3":0,"4":0,"5":0,"6":0,"7":0,"8":0,"9":0,"10":0,"11":0},"b":{}}
}
