TN:
SF:src\auth\loginService.js
FN:27,(anonymous_0)
FN:48,(anonymous_1)
FN:59,(anonymous_2)
FN:71,(anonymous_3)
FNF:4
FNH:4
FNDA:5,(anonymous_0)
FNDA:23,(anonymous_1)
FNDA:11,(anonymous_2)
FNDA:43,(anonymous_3)
DA:2,1
DA:13,1
DA:27,1
DA:28,5
DA:29,1
DA:31,4
DA:32,1
DA:34,3
DA:35,1
DA:37,2
DA:38,1
DA:40,1
DA:48,1
DA:49,23
DA:50,21
DA:59,1
DA:60,11
DA:62,11
DA:63,1
DA:67,10
DA:68,10
DA:71,10
DA:72,43
DA:76,10
DA:77,2
DA:81,8
DA:82,1
DA:89,7
DA:90,7
DA:96,0
DA:97,0
DA:104,1
LF:32
LH:30
BRDA:28,0,0,1
BRDA:28,0,1,4
BRDA:31,1,0,1
BRDA:31,1,1,3
BRDA:34,2,0,1
BRDA:34,2,1,2
BRDA:37,3,0,1
BRDA:37,3,1,1
BRDA:49,4,0,2
BRDA:49,4,1,21
BRDA:62,5,0,1
BRDA:62,5,1,10
BRDA:62,6,0,11
BRDA:62,6,1,10
BRDA:72,7,0,43
BRDA:72,7,1,9
BRDA:76,8,0,2
BRDA:76,8,1,8
BRDA:81,9,0,1
BRDA:81,9,1,7
BRDA:93,10,0,7
BRDA:93,10,1,0
BRF:22
BRH:21
end_of_record
TN:
SF:src\services\recordService.js
FN:4,(anonymous_0)
FN:11,(anonymous_1)
FN:28,(anonymous_2)
FN:47,(anonymous_3)
FN:74,(anonymous_4)
FN:87,(anonymous_5)
FN:95,(anonymous_6)
FNF:7
FNH:4
FNDA:1,(anonymous_0)
FNDA:2,(anonymous_1)
FNDA:2,(anonymous_2)
FNDA:2,(anonymous_3)
FNDA:0,(anonymous_4)
FNDA:0,(anonymous_5)
FNDA:0,(anonymous_6)
DA:2,1
DA:4,1
DA:5,1
DA:12,2
DA:13,2
DA:14,1
DA:16,1
DA:18,1
DA:19,1
DA:29,2
DA:30,2
DA:31,1
DA:33,1
DA:35,1
DA:36,1
DA:48,2
DA:49,2
DA:50,0
DA:53,2
DA:54,2
DA:55,1
DA:59,1
DA:60,0
DA:63,0
DA:65,2
DA:66,2
DA:76,0
DA:77,0
DA:80,0
DA:86,0
DA:87,0
DA:96,0
DA:97,0
DA:98,0
DA:101,0
DA:102,0
DA:103,0
DA:106,0
DA:108,0
DA:109,0
LF:40
LH:23
BRDA:13,0,0,1
BRDA:13,0,1,1
BRDA:30,1,0,1
BRDA:30,1,1,1
BRDA:30,2,0,2
BRDA:30,2,1,1
BRDA:30,2,2,1
BRDA:49,3,0,0
BRDA:49,3,1,2
BRDA:54,4,0,1
BRDA:54,4,1,1
BRDA:59,5,0,0
BRDA:59,5,1,0
BRDA:76,6,0,0
BRDA:76,6,1,0
BRDA:76,7,0,0
BRDA:76,7,1,0
BRDA:86,8,0,0
BRDA:86,8,1,0
BRDA:97,9,0,0
BRDA:97,9,1,0
BRDA:102,10,0,0
BRDA:102,10,1,0
BRDA:106,11,0,0
BRDA:106,11,1,0
BRF:25
BRH:10
end_of_record
TN:
SF:src\utils\stringUtils.js
FN:1,capitalize
FN:6,truncate
FN:11,slugify
FNF:3
FNH:3
FNDA:6,capitalize
FNDA:5,truncate
FNDA:5,slugify
DA:2,6
DA:3,3
DA:7,5
DA:8,2
DA:12,5
DA:13,3
DA:21,1
LF:7
LH:7
BRDA:2,0,0,3
BRDA:2,0,1,3
BRDA:6,1,0,4
BRDA:7,2,0,3
BRDA:7,2,1,2
BRDA:7,3,0,5
BRDA:7,3,1,3
BRDA:12,4,0,2
BRDA:12,4,1,3
BRF:9
BRH:9
end_of_record
